<?xml version="1.0" encoding="UTF-8"?>
<!-- Generated by org.testng.reporters.JUnitXMLReporter -->
<testsuite ignored="4" hostname="LAPTOP-3DLPEHOF" failures="0" tests="1" name="Regression(failed)" time="29.931" errors="0" timestamp="2023-06-22T21:43:31 IST">
  <testcase classname="com.trello.testcases.TrelloBoards" name="trelloBoardPageCheck" time="19.498"/>
  <testcase classname="com.trello.testcases.TrelloBoards" name="trelloHomePageCheck" time="0.0">
    <ignored/>
  </testcase> <!-- trelloHomePageCheck -->
  <testcase classname="com.trello.testcases.TrelloBoards" name="trelloCreateAndDeleteBoard" time="0.0">
    <ignored/>
  </testcase> <!-- trelloCreateAndDeleteBoard -->
  <testcase classname="com.trello.testcases.TrelloBoards" name="trelloLoginPageCheck" time="0.0">
    <ignored/>
  </testcase> <!-- trelloLoginPageCheck -->
  <testcase classname="com.trello.testcases.TrelloBoards" name="trelloCreateMultipleListAndSwapInCreatedBoard" time="0.0">
    <ignored/>
  </testcase> <!-- trelloCreateMultipleListAndSwapInCreatedBoard -->
</testsuite> <!-- Regression(failed) -->
