<?xml version="1.0" encoding="UTF-8"?>
<!-- Generated by org.testng.reporters.JUnitXMLReporter -->
<testsuite ignored="0" hostname="LAPTOP-3DLPEHOF" failures="1" tests="5" name="Regression" time="104.783" errors="0" timestamp="2023-06-22T21:42:20 IST">
  <testcase classname="com.trello.testcases.TrelloBoards" name="trelloHomePageCheck" time="1.216"/>
  <testcase classname="com.trello.testcases.TrelloBoards" name="trelloLoginPageCheck" time="2.457"/>
  <testcase classname="com.trello.testcases.TrelloBoards" name="trelloBoardPageCheck" time="6.12">
    <failure type="org.openqa.selenium.ElementNotInteractableException" message="Element &amp;lt;input id=&amp;quot;password&amp;quot; class=&amp;quot;css-1vdgi9m&amp;quot; name=&amp;quot;password&amp;quot; type=&amp;quot;password&amp;quot;&amp;gt; is not reachable by keyboard
Build info: version: &amp;apos;4.9.0&amp;apos;, revision: &amp;apos;d7057100a6&amp;apos;
System info: os.name: &amp;apos;Windows 11&amp;apos;, os.arch: &amp;apos;amd64&amp;apos;, os.version: &amp;apos;10.0&amp;apos;, java.version: &amp;apos;19.0.2&amp;apos;
Driver info: org.openqa.selenium.firefox.FirefoxDriver
Command: [3af23fea-0c2b-4e4e-9724-d459a3354c7f, sendKeysToElement {id=66915029-f53b-4e13-b4d2-89f4fae28b3e, value=[Ljava.lang.CharSequence;@58658f63}]
Capabilities {acceptInsecureCerts: true, browserName: firefox, browserVersion: 114.0.1, moz:accessibilityChecks: false, moz:buildID: 20230608214645, moz:debuggerAddress: 127.0.0.1:1061, moz:geckodriverVersion: 0.33.0, moz:headless: false, moz:platformVersion: 10.0, moz:processID: 11104, moz:profile: C:\Users\manik\AppData\Loca..., moz:shutdownTimeout: 60000, moz:useNonSpecCompliantPointerOrigin: false, moz:webdriverClick: true, moz:windowless: false, pageLoadStrategy: normal, platformName: WINDOWS, proxy: Proxy(), se:cdp: ws://127.0.0.1:1061/devtool..., se:cdpVersion: 85.0, setWindowRect: true, strictFileInteractability: false, timeouts: {implicit: 0, pageLoad: 300000, script: 30000}, unhandledPromptBehavior: dismiss and notify}
Element: [[FirefoxDriver: firefox on WINDOWS (3af23fea-0c2b-4e4e-9724-d459a3354c7f)] -&amp;gt; xpath: //input[@id=&amp;apos;password&amp;apos;]]
Session ID: 3af23fea-0c2b-4e4e-9724-d459a3354c7f">
      <![CDATA[org.openqa.selenium.ElementNotInteractableException: Element <input id="password" class="css-1vdgi9m" name="password" type="password"> is not reachable by keyboard
Build info: version: '4.9.0', revision: 'd7057100a6'
System info: os.name: 'Windows 11', os.arch: 'amd64', os.version: '10.0', java.version: '19.0.2'
Driver info: org.openqa.selenium.firefox.FirefoxDriver
Command: [3af23fea-0c2b-4e4e-9724-d459a3354c7f, sendKeysToElement {id=66915029-f53b-4e13-b4d2-89f4fae28b3e, value=[Ljava.lang.CharSequence;@58658f63}]
Capabilities {acceptInsecureCerts: true, browserName: firefox, browserVersion: 114.0.1, moz:accessibilityChecks: false, moz:buildID: 20230608214645, moz:debuggerAddress: 127.0.0.1:1061, moz:geckodriverVersion: 0.33.0, moz:headless: false, moz:platformVersion: 10.0, moz:processID: 11104, moz:profile: C:\Users\manik\AppData\Loca..., moz:shutdownTimeout: 60000, moz:useNonSpecCompliantPointerOrigin: false, moz:webdriverClick: true, moz:windowless: false, pageLoadStrategy: normal, platformName: WINDOWS, proxy: Proxy(), se:cdp: ws://127.0.0.1:1061/devtool..., se:cdpVersion: 85.0, setWindowRect: true, strictFileInteractability: false, timeouts: {implicit: 0, pageLoad: 300000, script: 30000}, unhandledPromptBehavior: dismiss and notify}
Element: [[FirefoxDriver: firefox on WINDOWS (3af23fea-0c2b-4e4e-9724-d459a3354c7f)] -> xpath: //input[@id='password']]
Session ID: 3af23fea-0c2b-4e4e-9724-d459a3354c7f
at org.openqa.selenium.remote.codec.w3c.W3CHttpResponseCodec.createException(W3CHttpResponseCodec.java:200)
at org.openqa.selenium.remote.codec.w3c.W3CHttpResponseCodec.decode(W3CHttpResponseCodec.java:133)
at org.openqa.selenium.remote.codec.w3c.W3CHttpResponseCodec.decode(W3CHttpResponseCodec.java:53)
at org.openqa.selenium.remote.HttpCommandExecutor.execute(HttpCommandExecutor.java:193)
at org.openqa.selenium.remote.service.DriverCommandExecutor.invokeExecute(DriverCommandExecutor.java:183)
at org.openqa.selenium.remote.service.DriverCommandExecutor.execute(DriverCommandExecutor.java:158)
at org.openqa.selenium.remote.RemoteWebDriver.execute(RemoteWebDriver.java:543)
at org.openqa.selenium.remote.RemoteWebElement.execute(RemoteWebElement.java:257)
at org.openqa.selenium.remote.RemoteWebElement.sendKeys(RemoteWebElement.java:113)
at org.openqa.selenium.support.pagefactory.internal.LocatingElementHandler.invoke(LocatingElementHandler.java:52)
at jdk.proxy2/jdk.proxy2.$Proxy16.sendKeys(Unknown Source)
at com.trello.testcases.TrelloBoards.trelloBoardPageCheck(TrelloBoards.java:47)
at java.base/java.util.ArrayList.forEach(ArrayList.java:1511)
... Removed 30 stack frames]]>
    </failure>
  </testcase> <!-- trelloBoardPageCheck -->
  <testcase classname="com.trello.testcases.TrelloBoards" name="trelloCreateAndDeleteBoard" time="26.633"/>
  <testcase classname="com.trello.testcases.TrelloBoards" name="trelloCreateMultipleListAndSwapInCreatedBoard" time="24.024"/>
</testsuite> <!-- Regression -->
